14:01:50 [DEBUG] (1) grel: ClientConfig { address: "127.0.0.1:51516", name: "Dan", tick: 100ms, block: 5s, read_size: 1024, roster_width: 24, cmd_char: ';' }
14:01:50 [DEBUG] (1) grel: Sock::blow() wrote 54 bytes.
14:01:50 [TRACE] (1) grel::screen: [src/screen.rs:313] Screen::refresh_input(): (startpos, endpos) = (0, 0)
14:01:50 [TRACE] (1) grel::screen: [src/screen.rs:228] Screen::refresh_lines(..., 94, 47) called
14:01:50 [TRACE] (1) grel::screen: [src/screen.rs:258] Screen::refresh_roster(..., 95, 47) called
14:01:50 [TRACE] (1) grel::screen: [src/screen.rs:335] Screen::refresh_stat(...) called
14:01:51 [DEBUG] (1) grel: Sock::suck() huffed 136 bytes.
14:01:51 [DEBUG] (1) grel: process_msg(...): rec'd: Join { who: "Dan", what: "" }
14:01:51 [DEBUG] (1) grel: process_msg(...): rec'd: List { what: "addr", items: ["127.0.0.1:53676"] }
14:01:51 [TRACE] (1) grel::screen: [src/screen.rs:228] Screen::refresh_lines(..., 94, 47) called
14:01:51 [DEBUG] (1) grel::line: Line::wrap(94) called
14:01:51 [DEBUG] (1) grel::line:     chars: * You join 
14:01:51 [DEBUG] (1) grel::line:     wrapping at: []
14:01:51 [DEBUG] (1) grel::line:     pushing formatting code at 2: [27, 91, 49, 109]
14:01:51 [DEBUG] (1) grel::line:     pushing formatting code at 5: [27, 91, 109]
14:01:51 [DEBUG] (1) grel::line:     appending terminal formatting codes: [27, 91, 51, 57, 109]
14:01:51 [TRACE] (1) grel::screen: [src/screen.rs:335] Screen::refresh_stat(...) called
14:01:51 [DEBUG] (1) grel: Sock::blow() wrote 56 bytes.
14:01:51 [DEBUG] (1) grel: Sock::suck() huffed 74 bytes.
14:01:51 [DEBUG] (1) grel: process_msg(...): rec'd: List { what: "roster", items: ["Dan"] }
14:01:51 [TRACE] (1) grel::screen: [src/screen.rs:258] Screen::refresh_roster(..., 95, 47) called
14:02:01 [DEBUG] (1) grel: Sock::suck() huffed 6 bytes.
14:02:01 [DEBUG] (1) grel: process_msg(...): rec'd: Ping
14:02:01 [DEBUG] (1) grel: Sock::blow() wrote 6 bytes.
14:02:12 [DEBUG] (1) grel: Sock::suck() huffed 6 bytes.
14:02:12 [DEBUG] (1) grel: process_msg(...): rec'd: Ping
14:02:12 [DEBUG] (1) grel: Sock::blow() wrote 6 bytes.
14:02:22 [DEBUG] (1) grel: Sock::suck() huffed 6 bytes.
14:02:22 [DEBUG] (1) grel: process_msg(...): rec'd: Ping
14:02:22 [DEBUG] (1) grel: Sock::blow() wrote 6 bytes.
14:02:33 [DEBUG] (1) grel: Sock::suck() huffed 6 bytes.
14:02:33 [DEBUG] (1) grel: process_msg(...): rec'd: Ping
14:02:33 [DEBUG] (1) grel: Sock::blow() wrote 6 bytes.
14:02:43 [DEBUG] (1) grel: Sock::suck() huffed 6 bytes.
14:02:43 [DEBUG] (1) grel: process_msg(...): rec'd: Ping
14:02:44 [DEBUG] (1) grel: Sock::blow() wrote 6 bytes.
14:02:54 [DEBUG] (1) grel: Sock::suck() huffed 6 bytes.
14:02:54 [DEBUG] (1) grel: process_msg(...): rec'd: Ping
14:02:54 [DEBUG] (1) grel: Sock::blow() wrote 6 bytes.
14:02:58 [TRACE] (1) grel: [src/bin/grel.rs:446] read loop: .next() -> Key(Char('O'))
14:02:58 [TRACE] (1) grel: [src/bin/grel.rs:457] main loop: mode: Input
14:02:58 [TRACE] (1) grel::screen: [src/screen.rs:313] Screen::refresh_input(): (startpos, endpos) = (0, 1)
14:02:58 [TRACE] (1) grel: [src/bin/grel.rs:446] read loop: .next() -> Key(Char('k'))
14:02:58 [TRACE] (1) grel: [src/bin/grel.rs:457] main loop: mode: Input
14:02:58 [TRACE] (1) grel::screen: [src/screen.rs:313] Screen::refresh_input(): (startpos, endpos) = (0, 2)
14:02:58 [TRACE] (1) grel: [src/bin/grel.rs:446] read loop: .next() -> Key(Char('a'))
14:02:58 [TRACE] (1) grel: [src/bin/grel.rs:457] main loop: mode: Input
14:02:58 [TRACE] (1) grel::screen: [src/screen.rs:313] Screen::refresh_input(): (startpos, endpos) = (0, 3)
14:02:58 [TRACE] (1) grel: [src/bin/grel.rs:446] read loop: .next() -> Key(Char('y'))
14:02:58 [TRACE] (1) grel: [src/bin/grel.rs:457] main loop: mode: Input
14:02:58 [TRACE] (1) grel::screen: [src/screen.rs:313] Screen::refresh_input(): (startpos, endpos) = (0, 4)
14:02:59 [TRACE] (1) grel: [src/bin/grel.rs:446] read loop: .next() -> Key(Char(','))
14:02:59 [TRACE] (1) grel: [src/bin/grel.rs:457] main loop: mode: Input
14:02:59 [TRACE] (1) grel::screen: [src/screen.rs:313] Screen::refresh_input(): (startpos, endpos) = (0, 5)
14:02:59 [TRACE] (1) grel: [src/bin/grel.rs:446] read loop: .next() -> Key(Char(' '))
14:02:59 [TRACE] (1) grel: [src/bin/grel.rs:457] main loop: mode: Input
14:02:59 [TRACE] (1) grel::screen: [src/screen.rs:313] Screen::refresh_input(): (startpos, endpos) = (0, 6)
14:02:59 [TRACE] (1) grel: [src/bin/grel.rs:446] read loop: .next() -> Key(Char('t'))
14:02:59 [TRACE] (1) grel: [src/bin/grel.rs:457] main loop: mode: Input
14:02:59 [TRACE] (1) grel::screen: [src/screen.rs:313] Screen::refresh_input(): (startpos, endpos) = (0, 7)
14:02:59 [TRACE] (1) grel: [src/bin/grel.rs:446] read loop: .next() -> Key(Char('h'))
14:02:59 [TRACE] (1) grel: [src/bin/grel.rs:457] main loop: mode: Input
14:02:59 [TRACE] (1) grel::screen: [src/screen.rs:313] Screen::refresh_input(): (startpos, endpos) = (0, 8)
14:02:59 [TRACE] (1) grel: [src/bin/grel.rs:446] read loop: .next() -> Key(Char('i'))
14:02:59 [TRACE] (1) grel: [src/bin/grel.rs:457] main loop: mode: Input
14:02:59 [TRACE] (1) grel::screen: [src/screen.rs:313] Screen::refresh_input(): (startpos, endpos) = (0, 9)
14:03:00 [TRACE] (1) grel: [src/bin/grel.rs:446] read loop: .next() -> Key(Backspace)
14:03:00 [TRACE] (1) grel: [src/bin/grel.rs:457] main loop: mode: Input
14:03:00 [TRACE] (1) grel::screen: [src/screen.rs:313] Screen::refresh_input(): (startpos, endpos) = (0, 8)
14:03:01 [TRACE] (1) grel: [src/bin/grel.rs:446] read loop: .next() -> Key(Char('i'))
14:03:01 [TRACE] (1) grel: [src/bin/grel.rs:457] main loop: mode: Input
14:03:01 [TRACE] (1) grel::screen: [src/screen.rs:313] Screen::refresh_input(): (startpos, endpos) = (0, 9)
14:03:01 [TRACE] (1) grel: [src/bin/grel.rs:446] read loop: .next() -> Key(Char('s'))
14:03:01 [TRACE] (1) grel: [src/bin/grel.rs:457] main loop: mode: Input
14:03:01 [TRACE] (1) grel::screen: [src/screen.rs:313] Screen::refresh_input(): (startpos, endpos) = (0, 10)
14:03:01 [TRACE] (1) grel: [src/bin/grel.rs:446] read loop: .next() -> Key(Char(' '))
14:03:01 [TRACE] (1) grel: [src/bin/grel.rs:457] main loop: mode: Input
14:03:01 [TRACE] (1) grel::screen: [src/screen.rs:313] Screen::refresh_input(): (startpos, endpos) = (0, 11)
14:03:01 [TRACE] (1) grel: [src/bin/grel.rs:446] read loop: .next() -> Key(Char('s'))
14:03:01 [TRACE] (1) grel: [src/bin/grel.rs:457] main loop: mode: Input
14:03:01 [TRACE] (1) grel::screen: [src/screen.rs:313] Screen::refresh_input(): (startpos, endpos) = (0, 12)
14:03:01 [TRACE] (1) grel: [src/bin/grel.rs:446] read loop: .next() -> Key(Char('h'))
14:03:01 [TRACE] (1) grel: [src/bin/grel.rs:457] main loop: mode: Input
14:03:01 [TRACE] (1) grel::screen: [src/screen.rs:313] Screen::refresh_input(): (startpos, endpos) = (0, 13)
14:03:01 [TRACE] (1) grel: [src/bin/grel.rs:446] read loop: .next() -> Key(Char('o'))
14:03:01 [TRACE] (1) grel: [src/bin/grel.rs:457] main loop: mode: Input
14:03:01 [TRACE] (1) grel::screen: [src/screen.rs:313] Screen::refresh_input(): (startpos, endpos) = (0, 14)
14:03:01 [TRACE] (1) grel: [src/bin/grel.rs:446] read loop: .next() -> Key(Char('u'))
14:03:01 [TRACE] (1) grel: [src/bin/grel.rs:457] main loop: mode: Input
14:03:01 [TRACE] (1) grel::screen: [src/screen.rs:313] Screen::refresh_input(): (startpos, endpos) = (0, 15)
14:03:01 [TRACE] (1) grel: [src/bin/grel.rs:446] read loop: .next() -> Key(Char('l'))
14:03:01 [TRACE] (1) grel: [src/bin/grel.rs:457] main loop: mode: Input
14:03:01 [TRACE] (1) grel::screen: [src/screen.rs:313] Screen::refresh_input(): (startpos, endpos) = (0, 16)
14:03:01 [TRACE] (1) grel: [src/bin/grel.rs:446] read loop: .next() -> Key(Char('d'))
14:03:01 [TRACE] (1) grel: [src/bin/grel.rs:457] main loop: mode: Input
14:03:01 [TRACE] (1) grel::screen: [src/screen.rs:313] Screen::refresh_input(): (startpos, endpos) = (0, 17)
14:03:01 [TRACE] (1) grel: [src/bin/grel.rs:446] read loop: .next() -> Key(Char(' '))
14:03:01 [TRACE] (1) grel: [src/bin/grel.rs:457] main loop: mode: Input
14:03:01 [TRACE] (1) grel::screen: [src/screen.rs:313] Screen::refresh_input(): (startpos, endpos) = (0, 18)
14:03:02 [TRACE] (1) grel: [src/bin/grel.rs:446] read loop: .next() -> Key(Char('b'))
14:03:02 [TRACE] (1) grel: [src/bin/grel.rs:457] main loop: mode: Input
14:03:02 [TRACE] (1) grel::screen: [src/screen.rs:313] Screen::refresh_input(): (startpos, endpos) = (0, 19)
14:03:02 [TRACE] (1) grel: [src/bin/grel.rs:446] read loop: .next() -> Key(Char('e'))
14:03:02 [TRACE] (1) grel: [src/bin/grel.rs:457] main loop: mode: Input
14:03:02 [TRACE] (1) grel::screen: [src/screen.rs:313] Screen::refresh_input(): (startpos, endpos) = (0, 20)
14:03:02 [TRACE] (1) grel: [src/bin/grel.rs:446] read loop: .next() -> Key(Char(' '))
14:03:02 [TRACE] (1) grel: [src/bin/grel.rs:457] main loop: mode: Input
14:03:02 [TRACE] (1) grel::screen: [src/screen.rs:313] Screen::refresh_input(): (startpos, endpos) = (0, 21)
14:03:02 [TRACE] (1) grel: [src/bin/grel.rs:446] read loop: .next() -> Key(Char('r'))
14:03:02 [TRACE] (1) grel: [src/bin/grel.rs:457] main loop: mode: Input
14:03:02 [TRACE] (1) grel::screen: [src/screen.rs:313] Screen::refresh_input(): (startpos, endpos) = (0, 22)
14:03:02 [TRACE] (1) grel: [src/bin/grel.rs:446] read loop: .next() -> Key(Char('u'))
14:03:02 [TRACE] (1) grel: [src/bin/grel.rs:457] main loop: mode: Input
14:03:02 [TRACE] (1) grel::screen: [src/screen.rs:313] Screen::refresh_input(): (startpos, endpos) = (0, 23)
14:03:02 [TRACE] (1) grel: [src/bin/grel.rs:446] read loop: .next() -> Key(Char('n'))
14:03:02 [TRACE] (1) grel: [src/bin/grel.rs:457] main loop: mode: Input
14:03:02 [TRACE] (1) grel::screen: [src/screen.rs:313] Screen::refresh_input(): (startpos, endpos) = (0, 24)
14:03:02 [TRACE] (1) grel: [src/bin/grel.rs:446] read loop: .next() -> Key(Char('n'))
14:03:02 [TRACE] (1) grel: [src/bin/grel.rs:457] main loop: mode: Input
14:03:02 [TRACE] (1) grel::screen: [src/screen.rs:313] Screen::refresh_input(): (startpos, endpos) = (0, 25)
14:03:02 [TRACE] (1) grel: [src/bin/grel.rs:446] read loop: .next() -> Key(Char('i'))
14:03:02 [TRACE] (1) grel: [src/bin/grel.rs:457] main loop: mode: Input
14:03:02 [TRACE] (1) grel::screen: [src/screen.rs:313] Screen::refresh_input(): (startpos, endpos) = (0, 26)
14:03:03 [TRACE] (1) grel: [src/bin/grel.rs:446] read loop: .next() -> Key(Char('n'))
14:03:03 [TRACE] (1) grel: [src/bin/grel.rs:457] main loop: mode: Input
14:03:03 [TRACE] (1) grel::screen: [src/screen.rs:313] Screen::refresh_input(): (startpos, endpos) = (0, 27)
14:03:03 [TRACE] (1) grel: [src/bin/grel.rs:446] read loop: .next() -> Key(Char('g'))
14:03:03 [TRACE] (1) grel: [src/bin/grel.rs:457] main loop: mode: Input
14:03:03 [TRACE] (1) grel::screen: [src/screen.rs:313] Screen::refresh_input(): (startpos, endpos) = (0, 28)
14:03:03 [TRACE] (1) grel: [src/bin/grel.rs:446] read loop: .next() -> Key(Char(' '))
14:03:03 [TRACE] (1) grel: [src/bin/grel.rs:457] main loop: mode: Input
14:03:03 [TRACE] (1) grel::screen: [src/screen.rs:313] Screen::refresh_input(): (startpos, endpos) = (0, 29)
14:03:03 [TRACE] (1) grel: [src/bin/grel.rs:446] read loop: .next() -> Key(Char('n'))
14:03:03 [TRACE] (1) grel: [src/bin/grel.rs:457] main loop: mode: Input
14:03:03 [TRACE] (1) grel::screen: [src/screen.rs:313] Screen::refresh_input(): (startpos, endpos) = (0, 30)
14:03:03 [TRACE] (1) grel: [src/bin/grel.rs:446] read loop: .next() -> Key(Char('o'))
14:03:03 [TRACE] (1) grel: [src/bin/grel.rs:457] main loop: mode: Input
14:03:03 [TRACE] (1) grel::screen: [src/screen.rs:313] Screen::refresh_input(): (startpos, endpos) = (0, 31)
14:03:03 [TRACE] (1) grel: [src/bin/grel.rs:446] read loop: .next() -> Key(Char('w'))
14:03:03 [TRACE] (1) grel: [src/bin/grel.rs:457] main loop: mode: Input
14:03:03 [TRACE] (1) grel::screen: [src/screen.rs:313] Screen::refresh_input(): (startpos, endpos) = (0, 32)
14:03:03 [TRACE] (1) grel: [src/bin/grel.rs:446] read loop: .next() -> Key(Char('.'))
14:03:03 [TRACE] (1) grel: [src/bin/grel.rs:457] main loop: mode: Input
14:03:03 [TRACE] (1) grel::screen: [src/screen.rs:313] Screen::refresh_input(): (startpos, endpos) = (0, 33)
14:03:04 [DEBUG] (1) grel: Sock::suck() huffed 6 bytes.
14:03:04 [DEBUG] (1) grel: process_msg(...): rec'd: Ping
14:03:05 [DEBUG] (1) grel: Sock::blow() wrote 6 bytes.
14:03:07 [TRACE] (1) grel: [src/bin/grel.rs:446] read loop: .next() -> Key(Char('\n'))
14:03:07 [TRACE] (1) grel: [src/bin/grel.rs:457] main loop: mode: Input
14:03:07 [TRACE] (1) grel::screen: [src/screen.rs:313] Screen::refresh_input(): (startpos, endpos) = (0, 0)
14:03:07 [DEBUG] (1) grel: Sock::blow() wrote 97 bytes.
14:03:07 [DEBUG] (1) grel: Sock::suck() huffed 100 bytes.
14:03:07 [DEBUG] (1) grel: process_msg(...): rec'd: Text { who: "Dan", lines: ["Okay, this should be running now."] }
14:03:07 [TRACE] (1) grel::screen: [src/screen.rs:228] Screen::refresh_lines(..., 94, 47) called
14:03:07 [DEBUG] (1) grel::line: Line::wrap(94) called
14:03:07 [DEBUG] (1) grel::line:     chars: Dan: Okay, this should be running now.
14:03:07 [DEBUG] (1) grel::line:     wrapping at: []
14:03:07 [DEBUG] (1) grel::line:     pushing formatting code at 0: [27, 91, 51, 56, 59, 53, 59, 50, 51, 49, 109]
14:03:07 [DEBUG] (1) grel::line:     pushing formatting code at 3: [27, 91, 51, 57, 109]
14:03:17 [DEBUG] (1) grel: Sock::suck() huffed 6 bytes.
14:03:17 [DEBUG] (1) grel: process_msg(...): rec'd: Ping
14:03:17 [DEBUG] (1) grel: Sock::blow() wrote 6 bytes.
14:03:27 [DEBUG] (1) grel: Sock::suck() huffed 6 bytes.
14:03:27 [DEBUG] (1) grel: process_msg(...): rec'd: Ping
14:03:27 [DEBUG] (1) grel: Sock::blow() wrote 6 bytes.
14:03:38 [DEBUG] (1) grel: Sock::suck() huffed 6 bytes.
14:03:38 [DEBUG] (1) grel: process_msg(...): rec'd: Ping
14:03:38 [DEBUG] (1) grel: Sock::blow() wrote 6 bytes.
14:03:47 [TRACE] (1) grel: [src/bin/grel.rs:446] read loop: .next() -> Key(Esc)
14:03:47 [TRACE] (1) grel: [src/bin/grel.rs:457] main loop: mode: Command
14:03:47 [TRACE] (1) grel::screen: [src/screen.rs:335] Screen::refresh_stat(...) called
14:03:48 [DEBUG] (1) grel: Sock::suck() huffed 6 bytes.
14:03:48 [DEBUG] (1) grel: process_msg(...): rec'd: Ping
14:03:49 [DEBUG] (1) grel: Sock::blow() wrote 6 bytes.
14:03:49 [TRACE] (1) grel: [src/bin/grel.rs:446] read loop: .next() -> Key(Char('q'))
14:03:49 [TRACE] (1) grel: [src/bin/grel.rs:212] process_command(...): rec'd: Key(Char('q'))
14:03:49 [TRACE] (1) grel: [src/bin/grel.rs:457] main loop: mode: Command
14:03:49 [DEBUG] (1) grel: Sock::blow() wrote 25 bytes.
14:03:49 [DEBUG] (1) grel: Sock::suck() huffed 38 bytes.
14:03:49 [DEBUG] (1) grel: process_msg(...): rec'd: Logout("You have logged out.")
