2021-01-01 06:20:43 nudge(): sent up to byte 14
2021-01-01 06:20:43 resize()
2021-01-01 06:20:43     main:
2021-01-01 06:20:43     (0, 0) & (49, 93)
2021-01-01 06:20:43     roster:
2021-01-01 06:20:43     (0, 93) & (50, 26)
2021-01-01 06:20:43     input:
2021-01-01 06:20:43     (50, 0) & (1, 119)
2021-01-01 06:20:44 try_read(): input buffer is "{
  "Misc": {
    "what": "join",
    "data": [
      "Dan",
      ""
    ],
    "alt": "Dan joins the lobby."
  }
}"
2021-01-01 06:20:44 try_read(): got a chunk; buffer offest 117
2021-01-01 06:20:44 add_line("* Dan joins the lobby.") called
2021-01-01 06:20:44 paint_status() called
2021-01-01 06:20:44 wrap({...}, 93) called
2021-01-01 06:20:44     * Dan joins the lobby.
2021-01-01 06:20:44 paint_input() called
2021-01-01 06:20:44     (50, 0) & (1, 119)
2021-01-01 06:20:44 paint_input(): screen refreshed
2021-01-01 06:20:44 nudge(): sent up to byte 37
2021-01-01 06:20:45 try_read(): input buffer is "{
  "Misc": {
    "what": "roster",
    "data": [
      "Dan"
    ],
    "alt": "Room roster: Dan"
  }
}"
2021-01-01 06:20:45 try_read(): got a chunk; buffer offest 105
2021-01-01 06:20:45 paint_status() called
2021-01-01 06:20:45 paint_input() called
2021-01-01 06:20:45     (50, 0) & (1, 119)
2021-01-01 06:20:45 paint_input(): screen refreshed
2021-01-01 06:20:48 get_input(): got keycode 71
2021-01-01 06:20:48 input buffer: "G", ip at 2
2021-01-01 06:20:48 paint_input() called
2021-01-01 06:20:48     (50, 0) & (1, 119)
2021-01-01 06:20:48 paint_input(): screen refreshed
2021-01-01 06:20:48 get_input(): got keycode 114
2021-01-01 06:20:48 input buffer: "Gr", ip at 3
2021-01-01 06:20:48 paint_input() called
2021-01-01 06:20:48     (50, 0) & (1, 119)
2021-01-01 06:20:48 paint_input(): screen refreshed
2021-01-01 06:20:48 get_input(): got keycode 101
2021-01-01 06:20:48 input buffer: "Gre", ip at 4
2021-01-01 06:20:48 paint_input() called
2021-01-01 06:20:48     (50, 0) & (1, 119)
2021-01-01 06:20:48 paint_input(): screen refreshed
2021-01-01 06:20:48 get_input(): got keycode 97
2021-01-01 06:20:48 input buffer: "Grea", ip at 5
2021-01-01 06:20:48 paint_input() called
2021-01-01 06:20:48     (50, 0) & (1, 119)
2021-01-01 06:20:48 paint_input(): screen refreshed
2021-01-01 06:20:48 get_input(): got keycode 116
2021-01-01 06:20:48 input buffer: "Great", ip at 6
2021-01-01 06:20:48 paint_input() called
2021-01-01 06:20:48     (50, 0) & (1, 119)
2021-01-01 06:20:48 paint_input(): screen refreshed
2021-01-01 06:20:49 get_input(): got keycode 44
2021-01-01 06:20:49 input buffer: "Great,", ip at 7
2021-01-01 06:20:49 paint_input() called
2021-01-01 06:20:49     (50, 0) & (1, 119)
2021-01-01 06:20:49 paint_input(): screen refreshed
2021-01-01 06:20:49 get_input(): got keycode 32
2021-01-01 06:20:49 input buffer: "Great, ", ip at 8
2021-01-01 06:20:49 paint_input() called
2021-01-01 06:20:49     (50, 0) & (1, 119)
2021-01-01 06:20:49 paint_input(): screen refreshed
2021-01-01 06:20:49 get_input(): got keycode 116
2021-01-01 06:20:49 input buffer: "Great, t", ip at 9
2021-01-01 06:20:49 paint_input() called
2021-01-01 06:20:49     (50, 0) & (1, 119)
2021-01-01 06:20:49 paint_input(): screen refreshed
2021-01-01 06:20:49 get_input(): got keycode 104
2021-01-01 06:20:49 input buffer: "Great, th", ip at 10
2021-01-01 06:20:49 paint_input() called
2021-01-01 06:20:49     (50, 0) & (1, 119)
2021-01-01 06:20:49 paint_input(): screen refreshed
2021-01-01 06:20:49 get_input(): got keycode 105
2021-01-01 06:20:49 input buffer: "Great, thi", ip at 11
2021-01-01 06:20:49 paint_input() called
2021-01-01 06:20:49     (50, 0) & (1, 119)
2021-01-01 06:20:49 paint_input(): screen refreshed
2021-01-01 06:20:49 get_input(): got keycode 115
2021-01-01 06:20:49 input buffer: "Great, this", ip at 12
2021-01-01 06:20:49 paint_input() called
2021-01-01 06:20:49     (50, 0) & (1, 119)
2021-01-01 06:20:49 paint_input(): screen refreshed
2021-01-01 06:20:49 get_input(): got keycode 32
2021-01-01 06:20:49 input buffer: "Great, this ", ip at 13
2021-01-01 06:20:49 paint_input() called
2021-01-01 06:20:49     (50, 0) & (1, 119)
2021-01-01 06:20:49 paint_input(): screen refreshed
2021-01-01 06:20:49 get_input(): got keycode 119
2021-01-01 06:20:49 input buffer: "Great, this w", ip at 14
2021-01-01 06:20:49 paint_input() called
2021-01-01 06:20:49     (50, 0) & (1, 119)
2021-01-01 06:20:49 paint_input(): screen refreshed
2021-01-01 06:20:49 get_input(): got keycode 111
2021-01-01 06:20:49 input buffer: "Great, this wo", ip at 15
2021-01-01 06:20:49 paint_input() called
2021-01-01 06:20:49     (50, 0) & (1, 119)
2021-01-01 06:20:49 paint_input(): screen refreshed
2021-01-01 06:20:49 get_input(): got keycode 114
2021-01-01 06:20:49 input buffer: "Great, this wor", ip at 16
2021-01-01 06:20:49 paint_input() called
2021-01-01 06:20:49     (50, 0) & (1, 119)
2021-01-01 06:20:49 paint_input(): screen refreshed
2021-01-01 06:20:50 get_input(): got keycode 107
2021-01-01 06:20:50 input buffer: "Great, this work", ip at 17
2021-01-01 06:20:50 paint_input() called
2021-01-01 06:20:50     (50, 0) & (1, 119)
2021-01-01 06:20:50 paint_input(): screen refreshed
2021-01-01 06:20:50 get_input(): got keycode 115
2021-01-01 06:20:50 input buffer: "Great, this works", ip at 18
2021-01-01 06:20:50 paint_input() called
2021-01-01 06:20:50     (50, 0) & (1, 119)
2021-01-01 06:20:50 paint_input(): screen refreshed
2021-01-01 06:20:50 get_input(): got keycode 46
2021-01-01 06:20:50 input buffer: "Great, this works.", ip at 19
2021-01-01 06:20:50 paint_input() called
2021-01-01 06:20:50     (50, 0) & (1, 119)
2021-01-01 06:20:50 paint_input(): screen refreshed
2021-01-01 06:20:50 get_input(): got keycode 13
2021-01-01 06:20:50 paint_input() called
2021-01-01 06:20:50     (50, 0) & (1, 119)
2021-01-01 06:20:50 paint_input(): screen refreshed
2021-01-01 06:20:50 nudge(): sent up to byte 51
2021-01-01 06:20:50 try_read(): input buffer is "{
  "Text": {
    "who": "Dan",
    "lines": [
      "Great, this works."
    ]
  }
}"
2021-01-01 06:20:50 try_read(): got a chunk; buffer offest 86
2021-01-01 06:20:50 add_line("Dan: Great, this works.") called
2021-01-01 06:20:50 paint_status() called
2021-01-01 06:20:50 wrap({...}, 93) called
2021-01-01 06:20:50     Dan: Great, this works.
2021-01-01 06:20:50 paint_input() called
2021-01-01 06:20:50     (50, 0) & (1, 119)
2021-01-01 06:20:50 paint_input(): screen refreshed
2021-01-01 06:20:58 try_read(): input buffer is "{
  "Misc": {
    "what": "join",
    "data": [
      "Right Dan",
      ""
    ],
    "alt": "Right Dan joins the lobby."
  }
}"
2021-01-01 06:20:58 try_read(): got a chunk; buffer offest 129
2021-01-01 06:20:58 add_line("* Right Dan joins the lobby.") called
2021-01-01 06:20:58 paint_status() called
2021-01-01 06:20:58 wrap({...}, 93) called
2021-01-01 06:20:58     * Right Dan joins the lobby.
2021-01-01 06:20:58 paint_input() called
2021-01-01 06:20:58     (50, 0) & (1, 119)
2021-01-01 06:20:58 paint_input(): screen refreshed
2021-01-01 06:20:58 nudge(): sent up to byte 37
2021-01-01 06:20:58 try_read(): input buffer is "{
  "Misc": {
    "what": "roster",
    "data": [
      "Dan",
      "Right Dan"
    ],
    "alt": "Room roster: Dan, Right Dan"
  }
}"
2021-01-01 06:20:58 try_read(): got a chunk; buffer offest 135
2021-01-01 06:20:58 paint_status() called
2021-01-01 06:20:58 paint_input() called
2021-01-01 06:20:58     (50, 0) & (1, 119)
2021-01-01 06:20:58 paint_input(): screen refreshed
2021-01-01 06:21:00 get_input(): got keycode 59
2021-01-01 06:21:00 input buffer: ";", ip at 2
2021-01-01 06:21:00 paint_input() called
2021-01-01 06:21:00     (50, 0) & (1, 119)
2021-01-01 06:21:00 paint_input(): screen refreshed
2021-01-01 06:21:01 get_input(): got keycode 110
2021-01-01 06:21:01 input buffer: ";n", ip at 3
2021-01-01 06:21:01 paint_input() called
2021-01-01 06:21:01     (50, 0) & (1, 119)
2021-01-01 06:21:01 paint_input(): screen refreshed
2021-01-01 06:21:01 get_input(): got keycode 97
2021-01-01 06:21:01 input buffer: ";na", ip at 4
2021-01-01 06:21:01 paint_input() called
2021-01-01 06:21:01     (50, 0) & (1, 119)
2021-01-01 06:21:01 paint_input(): screen refreshed
2021-01-01 06:21:01 get_input(): got keycode 109
2021-01-01 06:21:01 input buffer: ";nam", ip at 5
2021-01-01 06:21:01 paint_input() called
2021-01-01 06:21:01     (50, 0) & (1, 119)
2021-01-01 06:21:01 paint_input(): screen refreshed
2021-01-01 06:21:01 get_input(): got keycode 101
2021-01-01 06:21:01 input buffer: ";name", ip at 6
2021-01-01 06:21:01 paint_input() called
2021-01-01 06:21:01     (50, 0) & (1, 119)
2021-01-01 06:21:01 paint_input(): screen refreshed
2021-01-01 06:21:01 get_input(): got keycode 32
2021-01-01 06:21:01 input buffer: ";name ", ip at 7
2021-01-01 06:21:01 paint_input() called
2021-01-01 06:21:01     (50, 0) & (1, 119)
2021-01-01 06:21:01 paint_input(): screen refreshed
2021-01-01 06:21:01 get_input(): got keycode 76
2021-01-01 06:21:01 input buffer: ";name L", ip at 8
2021-01-01 06:21:01 paint_input() called
2021-01-01 06:21:01     (50, 0) & (1, 119)
2021-01-01 06:21:01 paint_input(): screen refreshed
2021-01-01 06:21:01 get_input(): got keycode 117
2021-01-01 06:21:01 input buffer: ";name Lu", ip at 9
2021-01-01 06:21:01 paint_input() called
2021-01-01 06:21:01     (50, 0) & (1, 119)
2021-01-01 06:21:01 paint_input(): screen refreshed
2021-01-01 06:21:02 get_input(): got keycode 97
2021-01-01 06:21:02 input buffer: ";name Lua", ip at 10
2021-01-01 06:21:02 paint_input() called
2021-01-01 06:21:02     (50, 0) & (1, 119)
2021-01-01 06:21:02 paint_input(): screen refreshed
2021-01-01 06:21:02 get_input(): got keycode 32
2021-01-01 06:21:02 input buffer: ";name Lua ", ip at 11
2021-01-01 06:21:02 paint_input() called
2021-01-01 06:21:02     (50, 0) & (1, 119)
2021-01-01 06:21:02 paint_input(): screen refreshed
2021-01-01 06:21:03 get_input(): got keycode 68
2021-01-01 06:21:03 input buffer: ";name Lua D", ip at 12
2021-01-01 06:21:03 paint_input() called
2021-01-01 06:21:03     (50, 0) & (1, 119)
2021-01-01 06:21:03 paint_input(): screen refreshed
2021-01-01 06:21:03 get_input(): got keycode 97
2021-01-01 06:21:03 input buffer: ";name Lua Da", ip at 13
2021-01-01 06:21:03 paint_input() called
2021-01-01 06:21:03     (50, 0) & (1, 119)
2021-01-01 06:21:03 paint_input(): screen refreshed
2021-01-01 06:21:03 get_input(): got keycode 110
2021-01-01 06:21:03 input buffer: ";name Lua Dan", ip at 14
2021-01-01 06:21:03 paint_input() called
2021-01-01 06:21:03     (50, 0) & (1, 119)
2021-01-01 06:21:03 paint_input(): screen refreshed
2021-01-01 06:21:03 get_input(): got keycode 13
2021-01-01 06:21:03 paint_input() called
2021-01-01 06:21:03     (50, 0) & (1, 119)
2021-01-01 06:21:03 paint_input(): screen refreshed
2021-01-01 06:21:03 nudge(): sent up to byte 18
2021-01-01 06:21:03 try_read(): input buffer is "{
  "Misc": {
    "what": "name",
    "data": [
      "Dan",
      "Lua Dan"
    ],
    "alt": "Dan is now known as Lua Dan."
  }
}"
2021-01-01 06:21:03 try_read(): got a chunk; buffer offest 132
2021-01-01 06:21:03 add_line("* Dan is now known as Lua Dan.") called
2021-01-01 06:21:03 paint_status() called
2021-01-01 06:21:03 wrap({...}, 93) called
2021-01-01 06:21:03     * Dan is now known as Lua Dan.
2021-01-01 06:21:03 paint_input() called
2021-01-01 06:21:03     (50, 0) & (1, 119)
2021-01-01 06:21:03 paint_input(): screen refreshed
2021-01-01 06:21:04 nudge(): sent up to byte 37
2021-01-01 06:21:04 try_read(): input buffer is "{
  "Misc": {
    "what": "roster",
    "data": [
      "Lua Dan",
      "Right Dan"
    ],
    "alt": "Room roster: Lua Dan, Right Dan"
  }
}"
2021-01-01 06:21:04 try_read(): got a chunk; buffer offest 143
2021-01-01 06:21:04 paint_status() called
2021-01-01 06:21:04 paint_input() called
2021-01-01 06:21:04     (50, 0) & (1, 119)
2021-01-01 06:21:04 paint_input(): screen refreshed
2021-01-01 06:21:05 get_input(): got keycode 73
2021-01-01 06:21:05 input buffer: "I", ip at 2
2021-01-01 06:21:05 paint_input() called
2021-01-01 06:21:05     (50, 0) & (1, 119)
2021-01-01 06:21:05 paint_input(): screen refreshed
2021-01-01 06:21:05 get_input(): got keycode 32
2021-01-01 06:21:05 input buffer: "I ", ip at 3
2021-01-01 06:21:05 paint_input() called
2021-01-01 06:21:05     (50, 0) & (1, 119)
2021-01-01 06:21:05 paint_input(): screen refreshed
2021-01-01 06:21:05 get_input(): got keycode 97
2021-01-01 06:21:05 input buffer: "I a", ip at 4
2021-01-01 06:21:05 paint_input() called
2021-01-01 06:21:05     (50, 0) & (1, 119)
2021-01-01 06:21:05 paint_input(): screen refreshed
2021-01-01 06:21:05 get_input(): got keycode 109
2021-01-01 06:21:05 input buffer: "I am", ip at 5
2021-01-01 06:21:05 paint_input() called
2021-01-01 06:21:05     (50, 0) & (1, 119)
2021-01-01 06:21:05 paint_input(): screen refreshed
2021-01-01 06:21:05 get_input(): got keycode 32
2021-01-01 06:21:05 input buffer: "I am ", ip at 6
2021-01-01 06:21:05 paint_input() called
2021-01-01 06:21:05     (50, 0) & (1, 119)
2021-01-01 06:21:05 paint_input(): screen refreshed
2021-01-01 06:21:06 get_input(): got keycode 117
2021-01-01 06:21:06 input buffer: "I am u", ip at 7
2021-01-01 06:21:06 paint_input() called
2021-01-01 06:21:06     (50, 0) & (1, 119)
2021-01-01 06:21:06 paint_input(): screen refreshed
2021-01-01 06:21:06 get_input(): got keycode 115
2021-01-01 06:21:06 input buffer: "I am us", ip at 8
2021-01-01 06:21:06 paint_input() called
2021-01-01 06:21:06     (50, 0) & (1, 119)
2021-01-01 06:21:06 paint_input(): screen refreshed
2021-01-01 06:21:06 get_input(): got keycode 105
2021-01-01 06:21:06 input buffer: "I am usi", ip at 9
2021-01-01 06:21:06 paint_input() called
2021-01-01 06:21:06     (50, 0) & (1, 119)
2021-01-01 06:21:06 paint_input(): screen refreshed
2021-01-01 06:21:06 get_input(): got keycode 110
2021-01-01 06:21:06 input buffer: "I am usin", ip at 10
2021-01-01 06:21:06 paint_input() called
2021-01-01 06:21:06     (50, 0) & (1, 119)
2021-01-01 06:21:06 paint_input(): screen refreshed
2021-01-01 06:21:06 get_input(): got keycode 103
2021-01-01 06:21:06 input buffer: "I am using", ip at 11
2021-01-01 06:21:06 paint_input() called
2021-01-01 06:21:06     (50, 0) & (1, 119)
2021-01-01 06:21:06 paint_input(): screen refreshed
2021-01-01 06:21:06 get_input(): got keycode 32
2021-01-01 06:21:06 input buffer: "I am using ", ip at 12
2021-01-01 06:21:06 paint_input() called
2021-01-01 06:21:06     (50, 0) & (1, 119)
2021-01-01 06:21:06 paint_input(): screen refreshed
2021-01-01 06:21:06 get_input(): got keycode 116
2021-01-01 06:21:06 input buffer: "I am using t", ip at 13
2021-01-01 06:21:06 paint_input() called
2021-01-01 06:21:06     (50, 0) & (1, 119)
2021-01-01 06:21:06 paint_input(): screen refreshed
2021-01-01 06:21:06 get_input(): got keycode 104
2021-01-01 06:21:06 input buffer: "I am using th", ip at 14
2021-01-01 06:21:06 paint_input() called
2021-01-01 06:21:06     (50, 0) & (1, 119)
2021-01-01 06:21:06 paint_input(): screen refreshed
2021-01-01 06:21:06 get_input(): got keycode 101
2021-01-01 06:21:06 input buffer: "I am using the", ip at 15
2021-01-01 06:21:06 paint_input() called
2021-01-01 06:21:06     (50, 0) & (1, 119)
2021-01-01 06:21:06 paint_input(): screen refreshed
2021-01-01 06:21:06 get_input(): got keycode 32
2021-01-01 06:21:06 input buffer: "I am using the ", ip at 16
2021-01-01 06:21:06 paint_input() called
2021-01-01 06:21:06     (50, 0) & (1, 119)
2021-01-01 06:21:06 paint_input(): screen refreshed
2021-01-01 06:21:07 get_input(): got keycode 108
2021-01-01 06:21:07 input buffer: "I am using the l", ip at 17
2021-01-01 06:21:07 paint_input() called
2021-01-01 06:21:07     (50, 0) & (1, 119)
2021-01-01 06:21:07 paint_input(): screen refreshed
2021-01-01 06:21:07 get_input(): got keycode 117
2021-01-01 06:21:07 input buffer: "I am using the lu", ip at 18
2021-01-01 06:21:07 paint_input() called
2021-01-01 06:21:07     (50, 0) & (1, 119)
2021-01-01 06:21:07 paint_input(): screen refreshed
2021-01-01 06:21:07 get_input(): got keycode 97
2021-01-01 06:21:07 input buffer: "I am using the lua", ip at 19
2021-01-01 06:21:07 paint_input() called
2021-01-01 06:21:07     (50, 0) & (1, 119)
2021-01-01 06:21:07 paint_input(): screen refreshed
2021-01-01 06:21:07 get_input(): got keycode 32
2021-01-01 06:21:07 input buffer: "I am using the lua ", ip at 20
2021-01-01 06:21:07 paint_input() called
2021-01-01 06:21:07     (50, 0) & (1, 119)
2021-01-01 06:21:07 paint_input(): screen refreshed
2021-01-01 06:21:08 get_input(): got keycode 99
2021-01-01 06:21:08 input buffer: "I am using the lua c", ip at 21
2021-01-01 06:21:08 paint_input() called
2021-01-01 06:21:08     (50, 0) & (1, 119)
2021-01-01 06:21:08 paint_input(): screen refreshed
2021-01-01 06:21:08 get_input(): got keycode 108
2021-01-01 06:21:08 input buffer: "I am using the lua cl", ip at 22
2021-01-01 06:21:08 paint_input() called
2021-01-01 06:21:08     (50, 0) & (1, 119)
2021-01-01 06:21:08 paint_input(): screen refreshed
2021-01-01 06:21:08 get_input(): got keycode 105
2021-01-01 06:21:08 input buffer: "I am using the lua cli", ip at 23
2021-01-01 06:21:08 paint_input() called
2021-01-01 06:21:08     (50, 0) & (1, 119)
2021-01-01 06:21:08 paint_input(): screen refreshed
2021-01-01 06:21:08 get_input(): got keycode 101
2021-01-01 06:21:08 input buffer: "I am using the lua clie", ip at 24
2021-01-01 06:21:08 paint_input() called
2021-01-01 06:21:08     (50, 0) & (1, 119)
2021-01-01 06:21:08 paint_input(): screen refreshed
2021-01-01 06:21:08 get_input(): got keycode 110
2021-01-01 06:21:08 input buffer: "I am using the lua clien", ip at 25
2021-01-01 06:21:08 paint_input() called
2021-01-01 06:21:08     (50, 0) & (1, 119)
2021-01-01 06:21:08 paint_input(): screen refreshed
2021-01-01 06:21:08 get_input(): got keycode 116
2021-01-01 06:21:08 input buffer: "I am using the lua client", ip at 26
2021-01-01 06:21:08 paint_input() called
2021-01-01 06:21:08     (50, 0) & (1, 119)
2021-01-01 06:21:08 paint_input(): screen refreshed
2021-01-01 06:21:08 get_input(): got keycode 46
2021-01-01 06:21:08 input buffer: "I am using the lua client.", ip at 27
2021-01-01 06:21:08 paint_input() called
2021-01-01 06:21:08     (50, 0) & (1, 119)
2021-01-01 06:21:08 paint_input(): screen refreshed
2021-01-01 06:21:09 get_input(): got keycode 13
2021-01-01 06:21:09 paint_input() called
2021-01-01 06:21:09     (50, 0) & (1, 119)
2021-01-01 06:21:09 paint_input(): screen refreshed
2021-01-01 06:21:09 nudge(): sent up to byte 59
2021-01-01 06:21:09 try_read(): input buffer is "{
  "Text": {
    "who": "Lua Dan",
    "lines": [
      "I am using the lua client."
    ]
  }
}"
2021-01-01 06:21:09 try_read(): got a chunk; buffer offest 98
2021-01-01 06:21:09 add_line("Lua Dan: I am using the lua client.") called
2021-01-01 06:21:09 paint_status() called
2021-01-01 06:21:09 wrap({...}, 93) called
2021-01-01 06:21:09     Lua Dan: I am using the lua client.
2021-01-01 06:21:09 paint_input() called
2021-01-01 06:21:09     (50, 0) & (1, 119)
2021-01-01 06:21:09 paint_input(): screen refreshed
2021-01-01 06:21:19 try_read(): input buffer is ""Ping""
2021-01-01 06:21:19 try_read(): got a chunk; buffer offest 7
2021-01-01 06:21:19 nudge(): sent up to byte 6
2021-01-01 06:21:29 try_read(): input buffer is "{
  "Text": {
    "who": "Right Dan",
    "lines": [
      "Yes, and I am using the Rust client."
    ]
  }
}"
2021-01-01 06:21:29 try_read(): got a chunk; buffer offest 110
2021-01-01 06:21:29 add_line("Right Dan: Yes, and I am using the Rust client.") called
2021-01-01 06:21:29 paint_status() called
2021-01-01 06:21:29 wrap({...}, 93) called
2021-01-01 06:21:29     Right Dan: Yes, and I am using the Rust client.
2021-01-01 06:21:29 paint_input() called
2021-01-01 06:21:29     (50, 0) & (1, 119)
2021-01-01 06:21:29 paint_input(): screen refreshed
2021-01-01 06:21:30 try_read(): input buffer is ""Ping""
2021-01-01 06:21:30 try_read(): got a chunk; buffer offest 7
2021-01-01 06:21:30 nudge(): sent up to byte 6
2021-01-01 06:21:40 try_read(): input buffer is ""Ping""
2021-01-01 06:21:40 try_read(): got a chunk; buffer offest 7
2021-01-01 06:21:40 nudge(): sent up to byte 6
2021-01-01 06:21:41 try_read(): input buffer is "{
  "Misc": {
    "what": "name",
    "data": [
      "Right Dan",
      "Rusty Danny"
    ],
    "alt": "Right Dan is now known as Rusty Danny."
  }
}"
2021-01-01 06:21:41 try_read(): got a chunk; buffer offest 152
2021-01-01 06:21:41 add_line("* Right Dan is now known as Rusty Danny.") called
2021-01-01 06:21:41 paint_status() called
2021-01-01 06:21:41 wrap({...}, 93) called
2021-01-01 06:21:41     * Right Dan is now known as Rusty Danny.
2021-01-01 06:21:41 paint_input() called
2021-01-01 06:21:41     (50, 0) & (1, 119)
2021-01-01 06:21:41 paint_input(): screen refreshed
2021-01-01 06:21:42 nudge(): sent up to byte 37
2021-01-01 06:21:42 try_read(): input buffer is "{
  "Misc": {
    "what": "roster",
    "data": [
      "Lua Dan",
      "Rusty Danny"
    ],
    "alt": "Room roster: Lua Dan, Rusty Danny"
  }
}"
2021-01-01 06:21:42 try_read(): got a chunk; buffer offest 147
2021-01-01 06:21:42 paint_status() called
2021-01-01 06:21:42 paint_input() called
2021-01-01 06:21:42     (50, 0) & (1, 119)
2021-01-01 06:21:42 paint_input(): screen refreshed
2021-01-01 06:21:52 try_read(): input buffer is ""Ping""
2021-01-01 06:21:52 try_read(): got a chunk; buffer offest 7
2021-01-01 06:21:52 nudge(): sent up to byte 6
2021-01-01 06:21:54 get_input(): got keycode 59
2021-01-01 06:21:54 input buffer: ";", ip at 2
2021-01-01 06:21:54 paint_input() called
2021-01-01 06:21:54     (50, 0) & (1, 119)
2021-01-01 06:21:54 paint_input(): screen refreshed
2021-01-01 06:21:55 get_input(): got keycode 113
2021-01-01 06:21:55 input buffer: ";q", ip at 3
2021-01-01 06:21:55 paint_input() called
2021-01-01 06:21:55     (50, 0) & (1, 119)
2021-01-01 06:21:55 paint_input(): screen refreshed
2021-01-01 06:21:55 get_input(): got keycode 104
2021-01-01 06:21:55 input buffer: ";qh", ip at 4
2021-01-01 06:21:55 paint_input() called
2021-01-01 06:21:55     (50, 0) & (1, 119)
2021-01-01 06:21:55 paint_input(): screen refreshed
2021-01-01 06:21:55 get_input(): got keycode 111
2021-01-01 06:21:55 input buffer: ";qho", ip at 5
2021-01-01 06:21:55 paint_input() called
2021-01-01 06:21:55     (50, 0) & (1, 119)
2021-01-01 06:21:55 paint_input(): screen refreshed
2021-01-01 06:21:56 get_input(): got keycode 263
2021-01-01 06:21:56 paint_input() called
2021-01-01 06:21:56     (50, 0) & (1, 119)
2021-01-01 06:21:56 paint_input(): screen refreshed
2021-01-01 06:21:56 get_input(): got keycode 263
2021-01-01 06:21:56 paint_input() called
2021-01-01 06:21:56     (50, 0) & (1, 119)
2021-01-01 06:21:56 paint_input(): screen refreshed
2021-01-01 06:21:56 get_input(): got keycode 263
2021-01-01 06:21:56 paint_input() called
2021-01-01 06:21:56     (50, 0) & (1, 119)
2021-01-01 06:21:56 paint_input(): screen refreshed
2021-01-01 06:21:56 get_input(): got keycode 119
2021-01-01 06:21:56 input buffer: ";w", ip at 3
2021-01-01 06:21:56 paint_input() called
2021-01-01 06:21:56     (50, 0) & (1, 119)
2021-01-01 06:21:56 paint_input(): screen refreshed
2021-01-01 06:21:56 get_input(): got keycode 104
2021-01-01 06:21:56 input buffer: ";wh", ip at 4
2021-01-01 06:21:56 paint_input() called
2021-01-01 06:21:56     (50, 0) & (1, 119)
2021-01-01 06:21:56 paint_input(): screen refreshed
2021-01-01 06:21:56 get_input(): got keycode 111
2021-01-01 06:21:56 input buffer: ";who", ip at 5
2021-01-01 06:21:56 paint_input() called
2021-01-01 06:21:56     (50, 0) & (1, 119)
2021-01-01 06:21:56 paint_input(): screen refreshed
2021-01-01 06:21:57 get_input(): got keycode 32
2021-01-01 06:21:57 input buffer: ";who ", ip at 6
2021-01-01 06:21:57 paint_input() called
2021-01-01 06:21:57     (50, 0) & (1, 119)
2021-01-01 06:21:57 paint_input(): screen refreshed
2021-01-01 06:21:59 get_input(): got keycode 108
2021-01-01 06:21:59 input buffer: ";who l", ip at 7
2021-01-01 06:21:59 paint_input() called
2021-01-01 06:21:59     (50, 0) & (1, 119)
2021-01-01 06:21:59 paint_input(): screen refreshed
2021-01-01 06:22:01 get_input(): got keycode 117
2021-01-01 06:22:01 input buffer: ";who lu", ip at 8
2021-01-01 06:22:01 paint_input() called
2021-01-01 06:22:01     (50, 0) & (1, 119)
2021-01-01 06:22:01 paint_input(): screen refreshed
2021-01-01 06:22:01 get_input(): got keycode 13
2021-01-01 06:22:01 paint_input() called
2021-01-01 06:22:01     (50, 0) & (1, 119)
2021-01-01 06:22:01 paint_input(): screen refreshed
2021-01-01 06:22:01 nudge(): sent up to byte 35
2021-01-01 06:22:01 try_read(): input buffer is "{
  "Misc": {
    "what": "who",
    "data": [
      "luadan"
    ],
    "alt": "Matching names: luadan"
  }
}"
2021-01-01 06:22:01 try_read(): got a chunk; buffer offest 111
2021-01-01 06:22:01 add_line("* Matching names: luadan") called
2021-01-01 06:22:01 paint_status() called
2021-01-01 06:22:01 wrap({...}, 93) called
2021-01-01 06:22:01     * Matching names: luadan
2021-01-01 06:22:01 paint_input() called
2021-01-01 06:22:01     (50, 0) & (1, 119)
2021-01-01 06:22:01 paint_input(): screen refreshed
2021-01-01 06:22:05 get_input(): got keycode 59
2021-01-01 06:22:05 input buffer: ";", ip at 2
2021-01-01 06:22:05 paint_input() called
2021-01-01 06:22:05     (50, 0) & (1, 119)
2021-01-01 06:22:05 paint_input(): screen refreshed
2021-01-01 06:22:06 get_input(): got keycode 119
2021-01-01 06:22:06 input buffer: ";w", ip at 3
2021-01-01 06:22:06 paint_input() called
2021-01-01 06:22:06     (50, 0) & (1, 119)
2021-01-01 06:22:06 paint_input(): screen refreshed
2021-01-01 06:22:06 get_input(): got keycode 104
2021-01-01 06:22:06 input buffer: ";wh", ip at 4
2021-01-01 06:22:06 paint_input() called
2021-01-01 06:22:06     (50, 0) & (1, 119)
2021-01-01 06:22:06 paint_input(): screen refreshed
2021-01-01 06:22:06 get_input(): got keycode 111
2021-01-01 06:22:06 input buffer: ";who", ip at 5
2021-01-01 06:22:06 paint_input() called
2021-01-01 06:22:06     (50, 0) & (1, 119)
2021-01-01 06:22:06 paint_input(): screen refreshed
2021-01-01 06:22:06 get_input(): got keycode 32
2021-01-01 06:22:06 input buffer: ";who ", ip at 6
2021-01-01 06:22:06 paint_input() called
2021-01-01 06:22:06     (50, 0) & (1, 119)
2021-01-01 06:22:06 paint_input(): screen refreshed
2021-01-01 06:22:06 get_input(): got keycode 100
2021-01-01 06:22:06 input buffer: ";who d", ip at 7
2021-01-01 06:22:06 paint_input() called
2021-01-01 06:22:06     (50, 0) & (1, 119)
2021-01-01 06:22:06 paint_input(): screen refreshed
2021-01-01 06:22:07 get_input(): got keycode 97
2021-01-01 06:22:07 input buffer: ";who da", ip at 8
2021-01-01 06:22:07 paint_input() called
2021-01-01 06:22:07     (50, 0) & (1, 119)
2021-01-01 06:22:07 paint_input(): screen refreshed
2021-01-01 06:22:07 get_input(): got keycode 110
2021-01-01 06:22:07 input buffer: ";who dan", ip at 9
2021-01-01 06:22:07 paint_input() called
2021-01-01 06:22:07     (50, 0) & (1, 119)
2021-01-01 06:22:07 paint_input(): screen refreshed
2021-01-01 06:22:07 get_input(): got keycode 13
2021-01-01 06:22:07 paint_input() called
2021-01-01 06:22:07     (50, 0) & (1, 119)
2021-01-01 06:22:07 paint_input(): screen refreshed
2021-01-01 06:22:07 nudge(): sent up to byte 36
2021-01-01 06:22:07 try_read(): input buffer is "{
  "Info": "No users matching the pattern \"dan\"."
}"
2021-01-01 06:22:07 try_read(): got a chunk; buffer offest 55
2021-01-01 06:22:07 add_line("* No users matching the pattern "dan".") called
2021-01-01 06:22:07 paint_status() called
2021-01-01 06:22:07 wrap({...}, 93) called
2021-01-01 06:22:07     * No users matching the pattern "dan".
2021-01-01 06:22:07 paint_input() called
2021-01-01 06:22:07     (50, 0) & (1, 119)
2021-01-01 06:22:07 paint_input(): screen refreshed
2021-01-01 06:22:17 try_read(): input buffer is ""Ping""
2021-01-01 06:22:17 try_read(): got a chunk; buffer offest 7
2021-01-01 06:22:17 nudge(): sent up to byte 6
2021-01-01 06:22:24 get_input(): got keycode 59
2021-01-01 06:22:24 input buffer: ";", ip at 2
2021-01-01 06:22:24 paint_input() called
2021-01-01 06:22:24     (50, 0) & (1, 119)
2021-01-01 06:22:24 paint_input(): screen refreshed
2021-01-01 06:22:24 get_input(): got keycode 106
2021-01-01 06:22:24 input buffer: ";j", ip at 3
2021-01-01 06:22:24 paint_input() called
2021-01-01 06:22:24     (50, 0) & (1, 119)
2021-01-01 06:22:24 paint_input(): screen refreshed
2021-01-01 06:22:25 get_input(): got keycode 111
2021-01-01 06:22:25 input buffer: ";jo", ip at 4
2021-01-01 06:22:25 paint_input() called
2021-01-01 06:22:25     (50, 0) & (1, 119)
2021-01-01 06:22:25 paint_input(): screen refreshed
2021-01-01 06:22:25 get_input(): got keycode 105
2021-01-01 06:22:25 input buffer: ";joi", ip at 5
2021-01-01 06:22:25 paint_input() called
2021-01-01 06:22:25     (50, 0) & (1, 119)
2021-01-01 06:22:25 paint_input(): screen refreshed
2021-01-01 06:22:25 get_input(): got keycode 110
2021-01-01 06:22:25 input buffer: ";join", ip at 6
2021-01-01 06:22:25 paint_input() called
2021-01-01 06:22:25     (50, 0) & (1, 119)
2021-01-01 06:22:25 paint_input(): screen refreshed
2021-01-01 06:22:25 get_input(): got keycode 32
2021-01-01 06:22:25 input buffer: ";join ", ip at 7
2021-01-01 06:22:25 paint_input() called
2021-01-01 06:22:25     (50, 0) & (1, 119)
2021-01-01 06:22:25 paint_input(): screen refreshed
2021-01-01 06:22:25 get_input(): got keycode 71
2021-01-01 06:22:25 input buffer: ";join G", ip at 8
2021-01-01 06:22:25 paint_input() called
2021-01-01 06:22:25     (50, 0) & (1, 119)
2021-01-01 06:22:25 paint_input(): screen refreshed
2021-01-01 06:22:25 get_input(): got keycode 97
2021-01-01 06:22:25 input buffer: ";join Ga", ip at 9
2021-01-01 06:22:25 paint_input() called
2021-01-01 06:22:25     (50, 0) & (1, 119)
2021-01-01 06:22:25 paint_input(): screen refreshed
2021-01-01 06:22:25 get_input(): got keycode 121
2021-01-01 06:22:25 input buffer: ";join Gay", ip at 10
2021-01-01 06:22:25 paint_input() called
2021-01-01 06:22:25     (50, 0) & (1, 119)
2021-01-01 06:22:25 paint_input(): screen refreshed
2021-01-01 06:22:25 get_input(): got keycode 32
2021-01-01 06:22:25 input buffer: ";join Gay ", ip at 11
2021-01-01 06:22:25 paint_input() called
2021-01-01 06:22:25     (50, 0) & (1, 119)
2021-01-01 06:22:25 paint_input(): screen refreshed
2021-01-01 06:22:26 get_input(): got keycode 83
2021-01-01 06:22:26 input buffer: ";join Gay S", ip at 12
2021-01-01 06:22:26 paint_input() called
2021-01-01 06:22:26     (50, 0) & (1, 119)
2021-01-01 06:22:26 paint_input(): screen refreshed
2021-01-01 06:22:26 get_input(): got keycode 112
2021-01-01 06:22:26 input buffer: ";join Gay Sp", ip at 13
2021-01-01 06:22:26 paint_input() called
2021-01-01 06:22:26     (50, 0) & (1, 119)
2021-01-01 06:22:26 paint_input(): screen refreshed
2021-01-01 06:22:26 get_input(): got keycode 97
2021-01-01 06:22:26 input buffer: ";join Gay Spa", ip at 14
2021-01-01 06:22:26 paint_input() called
2021-01-01 06:22:26     (50, 0) & (1, 119)
2021-01-01 06:22:26 paint_input(): screen refreshed
2021-01-01 06:22:26 get_input(): got keycode 99
2021-01-01 06:22:26 input buffer: ";join Gay Spac", ip at 15
2021-01-01 06:22:26 paint_input() called
2021-01-01 06:22:26     (50, 0) & (1, 119)
2021-01-01 06:22:26 paint_input(): screen refreshed
2021-01-01 06:22:26 get_input(): got keycode 101
2021-01-01 06:22:26 input buffer: ";join Gay Space", ip at 16
2021-01-01 06:22:26 paint_input() called
2021-01-01 06:22:26     (50, 0) & (1, 119)
2021-01-01 06:22:26 paint_input(): screen refreshed
2021-01-01 06:22:26 get_input(): got keycode 32
2021-01-01 06:22:26 input buffer: ";join Gay Space ", ip at 17
2021-01-01 06:22:26 paint_input() called
2021-01-01 06:22:26     (50, 0) & (1, 119)
2021-01-01 06:22:26 paint_input(): screen refreshed
2021-01-01 06:22:26 get_input(): got keycode 67
2021-01-01 06:22:26 input buffer: ";join Gay Space C", ip at 18
2021-01-01 06:22:26 paint_input() called
2021-01-01 06:22:26     (50, 0) & (1, 119)
2021-01-01 06:22:26 paint_input(): screen refreshed
2021-01-01 06:22:27 get_input(): got keycode 111
2021-01-01 06:22:27 input buffer: ";join Gay Space Co", ip at 19
2021-01-01 06:22:27 paint_input() called
2021-01-01 06:22:27     (50, 0) & (1, 119)
2021-01-01 06:22:27 paint_input(): screen refreshed
2021-01-01 06:22:27 get_input(): got keycode 109
2021-01-01 06:22:27 input buffer: ";join Gay Space Com", ip at 20
2021-01-01 06:22:27 paint_input() called
2021-01-01 06:22:27     (50, 0) & (1, 119)
2021-01-01 06:22:27 paint_input(): screen refreshed
2021-01-01 06:22:27 get_input(): got keycode 109
2021-01-01 06:22:27 input buffer: ";join Gay Space Comm", ip at 21
2021-01-01 06:22:27 paint_input() called
2021-01-01 06:22:27     (50, 0) & (1, 119)
2021-01-01 06:22:27 paint_input(): screen refreshed
2021-01-01 06:22:27 get_input(): got keycode 117
2021-01-01 06:22:27 input buffer: ";join Gay Space Commu", ip at 22
2021-01-01 06:22:27 paint_input() called
2021-01-01 06:22:27     (50, 0) & (1, 119)
2021-01-01 06:22:27 paint_input(): screen refreshed
2021-01-01 06:22:28 get_input(): got keycode 110
2021-01-01 06:22:28 input buffer: ";join Gay Space Commun", ip at 23
2021-01-01 06:22:28 paint_input() called
2021-01-01 06:22:28     (50, 0) & (1, 119)
2021-01-01 06:22:28 paint_input(): screen refreshed
2021-01-01 06:22:28 try_read(): input buffer is ""Ping""
2021-01-01 06:22:28 try_read(): got a chunk; buffer offest 7
2021-01-01 06:22:28 get_input(): got keycode 105
2021-01-01 06:22:28 input buffer: ";join Gay Space Communi", ip at 24
2021-01-01 06:22:28 paint_input() called
2021-01-01 06:22:28     (50, 0) & (1, 119)
2021-01-01 06:22:28 paint_input(): screen refreshed
2021-01-01 06:22:28 nudge(): sent up to byte 6
2021-01-01 06:22:28 get_input(): got keycode 115
2021-01-01 06:22:28 input buffer: ";join Gay Space Communis", ip at 25
2021-01-01 06:22:28 paint_input() called
2021-01-01 06:22:28     (50, 0) & (1, 119)
2021-01-01 06:22:28 paint_input(): screen refreshed
2021-01-01 06:22:28 get_input(): got keycode 109
2021-01-01 06:22:28 input buffer: ";join Gay Space Communism", ip at 26
2021-01-01 06:22:28 paint_input() called
2021-01-01 06:22:28     (50, 0) & (1, 119)
2021-01-01 06:22:28 paint_input(): screen refreshed
2021-01-01 06:22:28 get_input(): got keycode 13
2021-01-01 06:22:28 paint_input() called
2021-01-01 06:22:28     (50, 0) & (1, 119)
2021-01-01 06:22:28 paint_input(): screen refreshed
2021-01-01 06:22:28 nudge(): sent up to byte 30
2021-01-01 06:22:29 try_read(): input buffer is "{
  "Info": "You create room \"Gay Space Communism\"."
}{
  "Misc": {
    "what": "join",
    "data": [
      "Lua Dan",
      "Gay Space Communism"
    ],
    "alt": "Lua Dan joins Gay Space Communism."
  }
}"
2021-01-01 06:22:29 try_read(): got a chunk; buffer offest 57
2021-01-01 06:22:29 try_read(): got a chunk; buffer offest 154
2021-01-01 06:22:29 add_line("* You create room "Gay Space Communism".") called
2021-01-01 06:22:29 add_line("* Lua Dan joins Gay Space Communism.") called
2021-01-01 06:22:29 paint_status() called
2021-01-01 06:22:29 wrap({...}, 93) called
2021-01-01 06:22:29     * Lua Dan joins Gay Space Communism.
2021-01-01 06:22:29 wrap({...}, 93) called
2021-01-01 06:22:29     * You create room "Gay Space Communism".
2021-01-01 06:22:29 paint_input() called
2021-01-01 06:22:29     (50, 0) & (1, 119)
2021-01-01 06:22:29 paint_input(): screen refreshed
2021-01-01 06:22:29 nudge(): sent up to byte 37
2021-01-01 06:22:30 try_read(): input buffer is "{
  "Misc": {
    "what": "roster",
    "data": [
      "Lua Dan"
    ],
    "alt": "Room roster: Lua Dan"
  }
}"
2021-01-01 06:22:30 try_read(): got a chunk; buffer offest 113
2021-01-01 06:22:30 paint_status() called
2021-01-01 06:22:30 paint_input() called
2021-01-01 06:22:30     (50, 0) & (1, 119)
2021-01-01 06:22:30 paint_input(): screen refreshed
2021-01-01 06:22:37 try_read(): input buffer is "{
  "Misc": {
    "what": "join",
    "data": [
      "Rusty Danny",
      "Gay Space Communism"
    ],
    "alt": "Rusty Danny joins Gay Space Communism."
  }
}"
2021-01-01 06:22:37 try_read(): got a chunk; buffer offest 162
2021-01-01 06:22:37 add_line("* Rusty Danny joins Gay Space Communism.") called
2021-01-01 06:22:37 paint_status() called
2021-01-01 06:22:37 wrap({...}, 93) called
2021-01-01 06:22:37     * Rusty Danny joins Gay Space Communism.
2021-01-01 06:22:37 paint_input() called
2021-01-01 06:22:37     (50, 0) & (1, 119)
2021-01-01 06:22:37 paint_input(): screen refreshed
2021-01-01 06:22:37 nudge(): sent up to byte 37
2021-01-01 06:22:37 try_read(): input buffer is "{
  "Misc": {
    "what": "roster",
    "data": [
      "Lua Dan",
      "Rusty Danny"
    ],
    "alt": "Room roster: Lua Dan, Rusty Danny"
  }
}"
2021-01-01 06:22:37 try_read(): got a chunk; buffer offest 147
2021-01-01 06:22:37 paint_status() called
2021-01-01 06:22:37 paint_input() called
2021-01-01 06:22:37     (50, 0) & (1, 119)
2021-01-01 06:22:37 paint_input(): screen refreshed
2021-01-01 06:22:48 try_read(): input buffer is ""Ping""
2021-01-01 06:22:48 try_read(): got a chunk; buffer offest 7
2021-01-01 06:22:48 nudge(): sent up to byte 6
2021-01-01 06:22:58 try_read(): input buffer is ""Ping""
2021-01-01 06:22:58 try_read(): got a chunk; buffer offest 7
2021-01-01 06:22:58 nudge(): sent up to byte 6
2021-01-01 06:23:09 try_read(): input buffer is ""Ping""
2021-01-01 06:23:09 try_read(): got a chunk; buffer offest 7
2021-01-01 06:23:09 nudge(): sent up to byte 6
2021-01-01 06:23:10 try_read(): input buffer is "{
  "Misc": {
    "what": "leave",
    "data": [
      "Rusty Danny",
      "moved to another room"
    ],
    "alt": "Rusty Danny moved to another room."
  }
}"
2021-01-01 06:23:10 try_read(): got a chunk; buffer offest 161
2021-01-01 06:23:10 add_line("* Rusty Danny moved to another room.") called
2021-01-01 06:23:10 paint_status() called
2021-01-01 06:23:10 wrap({...}, 93) called
2021-01-01 06:23:10     * Rusty Danny moved to another room.
2021-01-01 06:23:10 paint_input() called
2021-01-01 06:23:10     (50, 0) & (1, 119)
2021-01-01 06:23:10 paint_input(): screen refreshed
2021-01-01 06:23:10 nudge(): sent up to byte 37
2021-01-01 06:23:10 try_read(): input buffer is "{
  "Misc": {
    "what": "roster",
    "data": [
      "Lua Dan"
    ],
    "alt": "Room roster: Lua Dan"
  }
}"
2021-01-01 06:23:10 try_read(): got a chunk; buffer offest 113
2021-01-01 06:23:10 paint_status() called
2021-01-01 06:23:10 paint_input() called
2021-01-01 06:23:10     (50, 0) & (1, 119)
2021-01-01 06:23:10 paint_input(): screen refreshed
2021-01-01 06:23:15 get_input(): got keycode 59
2021-01-01 06:23:15 input buffer: ";", ip at 2
2021-01-01 06:23:15 paint_input() called
2021-01-01 06:23:15     (50, 0) & (1, 119)
2021-01-01 06:23:15 paint_input(): screen refreshed
2021-01-01 06:23:15 get_input(): got keycode 106
2021-01-01 06:23:15 input buffer: ";j", ip at 3
2021-01-01 06:23:15 paint_input() called
2021-01-01 06:23:15     (50, 0) & (1, 119)
2021-01-01 06:23:15 paint_input(): screen refreshed
2021-01-01 06:23:15 get_input(): got keycode 111
2021-01-01 06:23:15 input buffer: ";jo", ip at 4
2021-01-01 06:23:15 paint_input() called
2021-01-01 06:23:15     (50, 0) & (1, 119)
2021-01-01 06:23:15 paint_input(): screen refreshed
2021-01-01 06:23:16 get_input(): got keycode 105
2021-01-01 06:23:16 input buffer: ";joi", ip at 5
2021-01-01 06:23:16 paint_input() called
2021-01-01 06:23:16     (50, 0) & (1, 119)
2021-01-01 06:23:16 paint_input(): screen refreshed
2021-01-01 06:23:16 get_input(): got keycode 110
2021-01-01 06:23:16 input buffer: ";join", ip at 6
2021-01-01 06:23:16 paint_input() called
2021-01-01 06:23:16     (50, 0) & (1, 119)
2021-01-01 06:23:16 paint_input(): screen refreshed
2021-01-01 06:23:16 get_input(): got keycode 32
2021-01-01 06:23:16 input buffer: ";join ", ip at 7
2021-01-01 06:23:16 paint_input() called
2021-01-01 06:23:16     (50, 0) & (1, 119)
2021-01-01 06:23:16 paint_input(): screen refreshed
2021-01-01 06:23:16 get_input(): got keycode 101
2021-01-01 06:23:16 input buffer: ";join e", ip at 8
2021-01-01 06:23:16 paint_input() called
2021-01-01 06:23:16     (50, 0) & (1, 119)
2021-01-01 06:23:16 paint_input(): screen refreshed
2021-01-01 06:23:17 get_input(): got keycode 120
2021-01-01 06:23:17 input buffer: ";join ex", ip at 9
2021-01-01 06:23:17 paint_input() called
2021-01-01 06:23:17     (50, 0) & (1, 119)
2021-01-01 06:23:17 paint_input(): screen refreshed
2021-01-01 06:23:17 get_input(): got keycode 116
2021-01-01 06:23:17 input buffer: ";join ext", ip at 10
2021-01-01 06:23:17 paint_input() called
2021-01-01 06:23:17     (50, 0) & (1, 119)
2021-01-01 06:23:17 paint_input(): screen refreshed
2021-01-01 06:23:17 get_input(): got keycode 114
2021-01-01 06:23:17 input buffer: ";join extr", ip at 11
2021-01-01 06:23:17 paint_input() called
2021-01-01 06:23:17     (50, 0) & (1, 119)
2021-01-01 06:23:17 paint_input(): screen refreshed
2021-01-01 06:23:17 get_input(): got keycode 97
2021-01-01 06:23:17 input buffer: ";join extra", ip at 12
2021-01-01 06:23:17 paint_input() called
2021-01-01 06:23:17     (50, 0) & (1, 119)
2021-01-01 06:23:17 paint_input(): screen refreshed
2021-01-01 06:23:17 get_input(): got keycode 103
2021-01-01 06:23:17 input buffer: ";join extrag", ip at 13
2021-01-01 06:23:17 paint_input() called
2021-01-01 06:23:17     (50, 0) & (1, 119)
2021-01-01 06:23:17 paint_input(): screen refreshed
2021-01-01 06:23:18 get_input(): got keycode 97
2021-01-01 06:23:18 input buffer: ";join extraga", ip at 14
2021-01-01 06:23:18 paint_input() called
2021-01-01 06:23:18     (50, 0) & (1, 119)
2021-01-01 06:23:18 paint_input(): screen refreshed
2021-01-01 06:23:18 get_input(): got keycode 121
2021-01-01 06:23:18 input buffer: ";join extragay", ip at 15
2021-01-01 06:23:18 paint_input() called
2021-01-01 06:23:18     (50, 0) & (1, 119)
2021-01-01 06:23:18 paint_input(): screen refreshed
2021-01-01 06:23:18 get_input(): got keycode 115
2021-01-01 06:23:18 input buffer: ";join extragays", ip at 16
2021-01-01 06:23:18 paint_input() called
2021-01-01 06:23:18     (50, 0) & (1, 119)
2021-01-01 06:23:18 paint_input(): screen refreshed
2021-01-01 06:23:18 get_input(): got keycode 112
2021-01-01 06:23:18 input buffer: ";join extragaysp", ip at 17
2021-01-01 06:23:18 paint_input() called
2021-01-01 06:23:18     (50, 0) & (1, 119)
2021-01-01 06:23:18 paint_input(): screen refreshed
2021-01-01 06:23:18 get_input(): got keycode 97
2021-01-01 06:23:18 input buffer: ";join extragayspa", ip at 18
2021-01-01 06:23:18 paint_input() called
2021-01-01 06:23:18     (50, 0) & (1, 119)
2021-01-01 06:23:18 paint_input(): screen refreshed
2021-01-01 06:23:18 get_input(): got keycode 99
2021-01-01 06:23:18 input buffer: ";join extragayspac", ip at 19
2021-01-01 06:23:18 paint_input() called
2021-01-01 06:23:18     (50, 0) & (1, 119)
2021-01-01 06:23:18 paint_input(): screen refreshed
2021-01-01 06:23:18 get_input(): got keycode 101
2021-01-01 06:23:18 input buffer: ";join extragayspace", ip at 20
2021-01-01 06:23:18 paint_input() called
2021-01-01 06:23:18     (50, 0) & (1, 119)
2021-01-01 06:23:18 paint_input(): screen refreshed
2021-01-01 06:23:19 get_input(): got keycode 99
2021-01-01 06:23:19 input buffer: ";join extragayspacec", ip at 21
2021-01-01 06:23:19 paint_input() called
2021-01-01 06:23:19     (50, 0) & (1, 119)
2021-01-01 06:23:19 paint_input(): screen refreshed
2021-01-01 06:23:19 get_input(): got keycode 111
2021-01-01 06:23:19 input buffer: ";join extragayspaceco", ip at 22
2021-01-01 06:23:19 paint_input() called
2021-01-01 06:23:19     (50, 0) & (1, 119)
2021-01-01 06:23:19 paint_input(): screen refreshed
2021-01-01 06:23:19 get_input(): got keycode 109
2021-01-01 06:23:19 input buffer: ";join extragayspacecom", ip at 23
2021-01-01 06:23:19 paint_input() called
2021-01-01 06:23:19     (50, 0) & (1, 119)
2021-01-01 06:23:19 paint_input(): screen refreshed
2021-01-01 06:23:19 get_input(): got keycode 109
2021-01-01 06:23:19 input buffer: ";join extragayspacecomm", ip at 24
2021-01-01 06:23:19 paint_input() called
2021-01-01 06:23:19     (50, 0) & (1, 119)
2021-01-01 06:23:19 paint_input(): screen refreshed
2021-01-01 06:23:19 get_input(): got keycode 117
2021-01-01 06:23:19 input buffer: ";join extragayspacecommu", ip at 25
2021-01-01 06:23:19 paint_input() called
2021-01-01 06:23:19     (50, 0) & (1, 119)
2021-01-01 06:23:19 paint_input(): screen refreshed
2021-01-01 06:23:19 get_input(): got keycode 110
2021-01-01 06:23:19 input buffer: ";join extragayspacecommun", ip at 26
2021-01-01 06:23:19 paint_input() called
2021-01-01 06:23:19     (50, 0) & (1, 119)
2021-01-01 06:23:19 paint_input(): screen refreshed
2021-01-01 06:23:19 get_input(): got keycode 105
2021-01-01 06:23:19 input buffer: ";join extragayspacecommuni", ip at 27
2021-01-01 06:23:19 paint_input() called
2021-01-01 06:23:19     (50, 0) & (1, 119)
2021-01-01 06:23:19 paint_input(): screen refreshed
2021-01-01 06:23:19 get_input(): got keycode 115
2021-01-01 06:23:19 input buffer: ";join extragayspacecommunis", ip at 28
2021-01-01 06:23:19 paint_input() called
2021-01-01 06:23:19     (50, 0) & (1, 119)
2021-01-01 06:23:19 paint_input(): screen refreshed
2021-01-01 06:23:20 get_input(): got keycode 109
2021-01-01 06:23:20 input buffer: ";join extragayspacecommunism", ip at 29
2021-01-01 06:23:20 paint_input() called
2021-01-01 06:23:20     (50, 0) & (1, 119)
2021-01-01 06:23:20 paint_input(): screen refreshed
2021-01-01 06:23:20 get_input(): got keycode 13
2021-01-01 06:23:20 paint_input() called
2021-01-01 06:23:20     (50, 0) & (1, 119)
2021-01-01 06:23:20 paint_input(): screen refreshed
2021-01-01 06:23:20 nudge(): sent up to byte 33
2021-01-01 06:23:20 try_read(): input buffer is "{
  "Misc": {
    "what": "join",
    "data": [
      "Lua Dan",
      "Extra Gay Space Communism"
    ],
    "alt": "Lua Dan joins Extra Gay Space Communism."
  }
}"
2021-01-01 06:23:20 try_read(): got a chunk; buffer offest 166
2021-01-01 06:23:20 add_line("* Lua Dan joins Extra Gay Space Communism.") called
2021-01-01 06:23:20 paint_status() called
2021-01-01 06:23:20 wrap({...}, 93) called
2021-01-01 06:23:20     * Lua Dan joins Extra Gay Space Communism.
2021-01-01 06:23:20 paint_input() called
2021-01-01 06:23:20     (50, 0) & (1, 119)
2021-01-01 06:23:20 paint_input(): screen refreshed
2021-01-01 06:23:20 nudge(): sent up to byte 37
2021-01-01 06:23:20 try_read(): input buffer is "{
  "Misc": {
    "what": "roster",
    "data": [
      "Rusty Danny",
      "Lua Dan"
    ],
    "alt": "Room roster: Rusty Danny, Lua Dan"
  }
}"
2021-01-01 06:23:20 try_read(): got a chunk; buffer offest 147
2021-01-01 06:23:20 paint_status() called
2021-01-01 06:23:20 paint_input() called
2021-01-01 06:23:20     (50, 0) & (1, 119)
2021-01-01 06:23:20 paint_input(): screen refreshed
2021-01-01 06:23:31 try_read(): input buffer is ""Ping""
2021-01-01 06:23:31 try_read(): got a chunk; buffer offest 7
2021-01-01 06:23:31 nudge(): sent up to byte 6
2021-01-01 06:23:41 try_read(): input buffer is ""Ping""
2021-01-01 06:23:41 try_read(): got a chunk; buffer offest 7
2021-01-01 06:23:41 nudge(): sent up to byte 6
2021-01-01 06:23:52 try_read(): input buffer is ""Ping""
2021-01-01 06:23:52 try_read(): got a chunk; buffer offest 7
2021-01-01 06:23:52 nudge(): sent up to byte 6
2021-01-01 06:24:02 try_read(): input buffer is ""Ping""
2021-01-01 06:24:02 try_read(): got a chunk; buffer offest 7
2021-01-01 06:24:02 nudge(): sent up to byte 6
2021-01-01 06:24:11 get_input(): got keycode 59
2021-01-01 06:24:11 input buffer: ";", ip at 2
2021-01-01 06:24:11 paint_input() called
2021-01-01 06:24:11     (50, 0) & (1, 119)
2021-01-01 06:24:11 paint_input(): screen refreshed
2021-01-01 06:24:11 get_input(): got keycode 113
2021-01-01 06:24:11 input buffer: ";q", ip at 3
2021-01-01 06:24:11 paint_input() called
2021-01-01 06:24:11     (50, 0) & (1, 119)
2021-01-01 06:24:11 paint_input(): screen refreshed
2021-01-01 06:24:11 get_input(): got keycode 117
2021-01-01 06:24:11 input buffer: ";qu", ip at 4
2021-01-01 06:24:11 paint_input() called
2021-01-01 06:24:11     (50, 0) & (1, 119)
2021-01-01 06:24:11 paint_input(): screen refreshed
2021-01-01 06:24:11 get_input(): got keycode 105
2021-01-01 06:24:11 input buffer: ";qui", ip at 5
2021-01-01 06:24:11 paint_input() called
2021-01-01 06:24:11     (50, 0) & (1, 119)
2021-01-01 06:24:11 paint_input(): screen refreshed
2021-01-01 06:24:11 get_input(): got keycode 116
2021-01-01 06:24:11 input buffer: ";quit", ip at 6
2021-01-01 06:24:11 paint_input() called
2021-01-01 06:24:11     (50, 0) & (1, 119)
2021-01-01 06:24:11 paint_input(): screen refreshed
2021-01-01 06:24:13 try_read(): input buffer is ""Ping""
2021-01-01 06:24:13 try_read(): got a chunk; buffer offest 7
2021-01-01 06:24:13 nudge(): sent up to byte 6
2021-01-01 06:24:13 get_input(): got keycode 13
2021-01-01 06:24:13 paint_input() called
2021-01-01 06:24:13     (50, 0) & (1, 119)
2021-01-01 06:24:13 paint_input(): screen refreshed
2021-01-01 06:24:13 nudge(): sent up to byte 13
2021-01-01 06:24:14 try_read(): input buffer is "{
  "Logout": "You have logged out."
}"
2021-01-01 06:24:14 try_read(): got a chunk; buffer offest 39
2021-01-01 06:24:14 add_line("You have been logged out.") called
